2025-10-03 13:55:04.2034 INFO Приложение запущено.
2025-10-03 13:55:04.3743 INFO Запущен процесс получения курса валют ЦБ РФ...
2025-10-03 13:55:04.3743 INFO Подключение по адресу: https://www.cbr.ru/currency_base/daily/?UniDbQuery.Posted=True&UniDbQuery.To=03.10.2025
2025-10-03 13:55:05.4878 INFO Подключение прошло успешно. OK
2025-10-03 13:55:05.5598 INFO Извлечение данных...
2025-10-03 13:55:05.5839 INFO Данные успешно получены. Количество 55 из 55.
2025-10-03 14:01:05.7526 INFO Приложение запущено.
2025-10-03 14:01:05.8716 INFO Запущен процесс получения курса валют ЦБ РФ...
2025-10-03 14:01:05.8716 INFO Подключение по адресу: https://www.cbr.ru/currency_base/daily/?UniDbQuery.Posted=True&UniDbQuery.To=03.10.2025
2025-10-03 14:01:07.4557 INFO Подключение прошло успешно. OK
2025-10-03 14:01:07.5244 INFO Извлечение данных...
2025-10-03 14:01:07.5477 INFO Данные успешно получены. Количество 55 из 55.
2025-10-03 14:02:23.4096 INFO Приложение запущено.
2025-10-03 14:02:28.1411 INFO Запущен процесс получения курса валют ЦБ РФ...
2025-10-03 14:02:28.1411 INFO Подключение по адресу: https://www.cbr.ru/currency_base/daily/?UniDbQuery.Posted=True&UniDbQuery.To=03.10.2025
2025-10-03 14:02:29.3211 INFO Подключение прошло успешно. OK
2025-10-03 14:02:29.3825 INFO Извлечение данных...
2025-10-03 14:02:29.4024 INFO Данные успешно получены. Количество 55 из 55.
2025-10-03 14:03:13.8270 INFO Приложение запущено.
2025-10-03 14:03:13.9619 INFO Запущен процесс получения курса валют ЦБ РФ...
2025-10-03 14:03:13.9619 INFO Подключение по адресу: https://www.cbr.ru/currency_base/daily/?UniDbQuery.Posted=True&UniDbQuery.To=03.10.2025
2025-10-03 14:03:15.0249 INFO Подключение прошло успешно. OK
2025-10-03 14:03:15.1135 INFO Извлечение данных...
2025-10-03 14:03:15.1360 INFO Данные успешно получены. Количество 55 из 55.
2025-10-03 14:03:55.8121 INFO Приложение запущено.
2025-10-03 14:03:55.9537 INFO Запущен процесс получения курса валют ЦБ РФ...
2025-10-03 14:03:55.9537 INFO Подключение по адресу: https://www.cbr.ru/currency_base/daily/?UniDbQuery.Posted=True&UniDbQuery.To=03.10.2025
2025-10-03 14:03:56.8999 INFO Подключение прошло успешно. OK
2025-10-03 14:03:57.0008 INFO Извлечение данных...
2025-10-03 14:03:57.0497 INFO Данные успешно получены. Количество 55 из 55.
2025-10-03 14:04:37.2672 INFO Приложение запущено.
2025-10-03 14:04:37.3944 INFO Запущен процесс получения курса валют ЦБ РФ...
2025-10-03 14:04:37.3944 INFO Подключение по адресу: https://www.cbr.ru/currency_base/daily/?UniDbQuery.Posted=True&UniDbQuery.To=03.10.2025
2025-10-03 14:04:38.3938 INFO Подключение прошло успешно. OK
2025-10-03 14:04:38.4632 INFO Извлечение данных...
2025-10-03 14:04:38.4880 INFO Данные успешно получены. Количество 55 из 55.
2025-10-03 16:57:51.9304 INFO Приложение запущено.
2025-10-03 16:57:52.7803 INFO Запущен процесс получения курса валют ЦБ РФ...
2025-10-03 16:57:52.7803 INFO Подключение по адресу: https://www.cbr.ru/currency_base/daily/?UniDbQuery.Posted=True&UniDbQuery.To=03.10.2025
2025-10-03 16:57:54.1110 INFO Подключение прошло успешно. OK
2025-10-03 16:57:54.1737 INFO Извлечение данных...
2025-10-03 16:57:54.2044 INFO Данные успешно получены. Количество 55 из 55.
2025-10-03 17:12:01.9611 INFO Приложение запущено.
2025-10-03 17:12:02.0816 INFO Запущен процесс получения курса валют ЦБ РФ...
2025-10-03 17:12:02.0816 INFO Подключение по адресу: https://www.cbr.ru/currency_base/daily/?UniDbQuery.Posted=True&UniDbQuery.To=03.10.2025
2025-10-03 17:12:04.7155 INFO Подключение прошло успешно. OK
2025-10-03 17:12:04.7682 INFO Извлечение данных...
2025-10-03 17:12:04.7852 INFO Данные успешно получены. Количество 55 из 55.
2025-10-03 17:13:36.2566 INFO Приложение запущено.
2025-10-03 17:13:36.3622 INFO Запущен процесс получения курса валют ЦБ РФ...
2025-10-03 17:13:36.3622 INFO Подключение по адресу: https://www.cbr.ru/currency_base/daily/?UniDbQuery.Posted=True&UniDbQuery.To=03.10.2025
2025-10-03 17:13:36.8730 INFO Подключение прошло успешно. OK
2025-10-03 17:13:36.9269 INFO Извлечение данных...
2025-10-03 17:13:36.9443 INFO Данные успешно получены. Количество 55 из 55.
2025-10-03 17:13:48.2346 INFO Приложение запущено.
2025-10-03 17:13:48.3443 INFO Запущен процесс получения курса валют ЦБ РФ...
2025-10-03 17:13:48.3443 INFO Подключение по адресу: https://www.cbr.ru/currency_base/daily/?UniDbQuery.Posted=True&UniDbQuery.To=03.10.2025
2025-10-03 17:13:50.1941 INFO Подключение прошло успешно. OK
2025-10-03 17:13:50.2488 INFO Извлечение данных...
2025-10-03 17:13:50.2659 INFO Данные успешно получены. Количество 55 из 55.
